Removed Pin From Net: NetName=SW1 Pin=C1-1
Removed Pin From Net: NetName=SW3 Pin=C2-1
Removed Pin From Net: NetName=GND Pin=C2-2
Removed Pin From Net: NetName=OSC_IN Pin=C3-2
Removed Pin From Net: NetName=OSC_OUT Pin=C4-2
Removed Pin From Net: NetName=NRST Pin=C5-1
Removed Pin From Net: NetName=GND Pin=C5-2
Removed Pin From Net: NetName=+5V Pin=C6-2
Removed Pin From Net: NetName=+3.3V Pin=C8-2
Removed Pin From Net: NetName=+3.3V Pin=C9-2
Removed Pin From Net: NetName=+3.3V Pin=C10-1
Removed Pin From Net: NetName=GND Pin=C11-1
Removed Pin From Net: NetName=+3.3V Pin=C11-2
Removed Pin From Net: NetName=GND Pin=C12-1
Removed Pin From Net: NetName=+3.3V Pin=C12-2
Removed Pin From Net: NetName=GND Pin=DOWN-1
Removed Pin From Net: NetName=GND Pin=DOWN-1
Removed Pin From Net: NetName=SW3 Pin=DOWN-2
Removed Pin From Net: NetName=SW3 Pin=DOWN-2
Removed Pin From Net: NetName=+5V Pin=P1-1
Removed Pin From Net: NetName=+5V Pin=P1-2
Removed Pin From Net: NetName=+3.3V Pin=P1-3
Removed Pin From Net: NetName=+3.3V Pin=P1-4
Removed Pin From Net: NetName=JTMS Pin=P1-7
Removed Pin From Net: NetName=SWIM Pin=P1-8
Removed Pin From Net: NetName=JTCK Pin=P1-9
Removed Pin From Net: NetName=RST Pin=P1-10
Removed Pin From Net: NetName=+3.3V Pin=P2-1
Removed Pin From Net: NetName=+3.3V Pin=P2-2
Removed Pin From Net: NetName=+5V Pin=P2-3
Removed Pin From Net: NetName=+5V Pin=P2-4
Removed Pin From Net: NetName=SW1 Pin=R1-2
Removed Pin From Net: NetName=+3.3V Pin=R2-1
Removed Pin From Net: NetName=SW3 Pin=R2-2
Removed Pin From Net: NetName=+3.3V Pin=R3-1
Removed Pin From Net: NetName=NetB1_1 Pin=R3-2
Removed Pin From Net: NetName=+3.3V Pin=R4-1
Removed Pin From Net: NetName=NRST Pin=R4-2
Removed Pin From Net: NetName=NetD1_1 Pin=R5-1
Removed Pin From Net: NetName=+3.3V Pin=R5-2
Removed Pin From Net: NetName=SCL1 Pin=R6-1
Removed Pin From Net: NetName=+5V Pin=R6-2
Removed Pin From Net: NetName=SDA1 Pin=R7-1
Removed Pin From Net: NetName=+5V Pin=R7-2
Removed Pin From Net: NetName=GND Pin=RESET-1
Removed Pin From Net: NetName=GND Pin=RESET-1
Removed Pin From Net: NetName=NRST Pin=RESET-2
Removed Pin From Net: NetName=NRST Pin=RESET-2
Removed Pin From Net: NetName=+3.3V Pin=U1-1
Removed Pin From Net: NetName=DC Pin=U1-2
Removed Pin From Net: NetName=DIN Pin=U1-3
Removed Pin From Net: NetName=CLK Pin=U1-4
Removed Pin From Net: NetName=OSC_IN Pin=U1-5
Removed Pin From Net: NetName=OSC_OUT Pin=U1-6
Removed Pin From Net: NetName=NRST Pin=U1-7
Removed Pin From Net: NetName=GND Pin=U1-8
Removed Pin From Net: NetName=+3.3V Pin=U1-9
Removed Pin From Net: NetName=BUZZER Pin=U1-14
Removed Pin From Net: NetName=EN Pin=U1-15
Removed Pin From Net: NetName=SW1 Pin=U1-16
Removed Pin From Net: NetName=RST2 Pin=U1-18
Removed Pin From Net: NetName=CE Pin=U1-19
Removed Pin From Net: NetName=GND Pin=U1-23
Removed Pin From Net: NetName=+3.3V Pin=U1-24
Removed Pin From Net: NetName=SW3 Pin=U1-29
Removed Pin From Net: NetName=JTMS Pin=U1-34
Removed Pin From Net: NetName=GND Pin=U1-35
Removed Pin From Net: NetName=+3.3V Pin=U1-36
Removed Pin From Net: NetName=JTCK Pin=U1-37
Removed Pin From Net: NetName=JTDI Pin=U1-38
Removed Pin From Net: NetName=SCL1 Pin=U1-42
Removed Pin From Net: NetName=SDA1 Pin=U1-43
Removed Pin From Net: NetName=GND Pin=U1-44
Removed Pin From Net: NetName=GND Pin=U1-47
Removed Pin From Net: NetName=+3.3V Pin=U1-48
Removed Pin From Net: NetName=GND Pin=U2-1
Removed Pin From Net: NetName=+3.3V Pin=U2-2
Removed Pin From Net: NetName=+5V Pin=U2-3
Removed Pin From Net: NetName=+3.3V Pin=U2-4
Removed Pin From Net: NetName=GND Pin=UP-1
Removed Pin From Net: NetName=GND Pin=UP-1
Removed Pin From Net: NetName=SW1 Pin=UP-2
Removed Pin From Net: NetName=SW1 Pin=UP-2
Removed Pin From Net: NetName=OSC_OUT Pin=Y1-1
Removed Pin From Net: NetName=OSC_IN Pin=Y1-2
Removed Pin From Net: NetName=NetU3_1 Pin=Y2-1
Removed Pin From Net: NetName=NetU3_2 Pin=Y2-2
Removed Member From Class: ClassName=KIT_STM32_Version3 Member=RESET
Removed Member From Class: ClassName=KIT_STM32_Version3 Member=UP
Change Component DesignItemId : Designator=U2 Old DesignItemId=AMS1117 New DesignItemId=STM32F103x8/B-LQFP48
Change Component DesignItemId : Designator=C10 Old DesignItemId=CAPACITOR New DesignItemId=CAP CERAMIC
Change Component DesignItemId : Designator=C1 Old DesignItemId=CAP CERAMIC New DesignItemId=CAPACITOR
Change Component DesignItemId : Designator=P2 Old DesignItemId=Header 3X2 New DesignItemId=Header 5X2
Change Component DesignItemId : Designator=P1 Old DesignItemId=Header 5X2 New DesignItemId=Header 3X2
Change Component DesignItemId : Designator=U1 Old DesignItemId=STM32F103x8/B-LQFP48 New DesignItemId=AMS1117
Change Component Footprint: Designator=C1 Old Footprint=0805 CAP New Footprint=CAPMP3216X16N
Change Component Footprint: Designator=C10 Old Footprint=CAPMP3216X16N New Footprint=0805 CAP
Change Component Footprint: Designator=Y1 Old Footprint=CRYSTAL DIP New Footprint=XTAL 32kHz
Change Component Footprint: Designator=P2 Old Footprint=HDR2X3 New Footprint=IDC10 MALE
Change Component Footprint: Designator=P1 Old Footprint=IDC10 MALE New Footprint=HDR2X3
Change Component Footprint: Designator=U1 Old Footprint=LQFP 48 PIN New Footprint=SOT223 - 3 LEAD
Change Component Footprint: Designator=U2 Old Footprint=SOT223 - 3 LEAD New Footprint=LQFP 48 PIN
Change Component Footprint: Designator=Y2 Old Footprint=XTAL 32kHz New Footprint=CRYSTAL DIP
Change Component Comment : Designator=R3 Old Comment=0 New Comment=4.7k
Change Component Comment : Designator=R5 Old Comment=1k New Comment=10k
Change Component Comment : Designator=R6 Old Comment=4.7k New Comment=10k
Change Component Comment : Designator=R7 Old Comment=4.7k New Comment=10k
Change Component Comment : Designator=Y1 Old Comment=8MHz New Comment=32.768KHz
Change Component Comment : Designator=R1 Old Comment=10k New Comment=0
Change Component Comment : Designator=R2 Old Comment=10k New Comment=1k
Change Component Comment : Designator=R4 Old Comment=10k New Comment=4.7k
Change Component Comment : Designator=C10 Old Comment=10uF New Comment=100nF
Change Component Comment : Designator=C3 Old Comment=20pF New Comment=104
Change Component Comment : Designator=C4 Old Comment=20pF New Comment=104
Change Component Comment : Designator=Y2 Old Comment=32.768KHz New Comment=8MHz
Change Component Comment : Designator=C1 Old Comment=100nF New Comment=10uF
Change Component Comment : Designator=C5 Old Comment=100nF New Comment=104
Change Component Comment : Designator=C2 Old Comment=100nF New Comment=105
Change Component Comment : Designator=C8 Old Comment=104 New Comment=20pF
Change Component Comment : Designator=C9 Old Comment=104 New Comment=20pF
Change Component Comment : Designator=C12 Old Comment=104 New Comment=100nF
Change Component Comment : Designator=C11 Old Comment=105 New Comment=100nF
Change Component Comment : Designator=U2 Old Comment=AMS1117 New Comment=STM32F103x8/B-LQFP48
Change Component Comment : Designator=P2 Old Comment=Header 3X2 New Comment=ST-LINK
Change Component Comment : Designator=P1 Old Comment=ST-LINK New Comment=Header 3X2
Change Component Comment : Designator=U1 Old Comment=STM32F103x8/B-LQFP48 New Comment=AMS1117
Change Component Library : Designator=C8 Old Library=THINHDUILIB.SchLib New Library=ThinhNguyenLib.SchLib
Change Component Library : Designator=C9 Old Library=THINHDUILIB.SchLib New Library=ThinhNguyenLib.SchLib
Change Component Library : Designator=R1 Old Library=THINHDUILIB.SchLib New Library=ThinhNguyenLib.SchLib
Change Component Library : Designator=R4 Old Library=THINHDUILIB.SchLib New Library=ThinhNguyenLib.SchLib
Change Component Library : Designator=C3 Old Library=ThinhNguyenLib.SchLib New Library=THINHDUILIB.SchLib
Change Component Library : Designator=C6 Old Library=ThinhNguyenLib.SchLib New Library=THINHDUILIB.SchLib
Change Component Library : Designator=R6 Old Library=ThinhNguyenLib.SchLib New Library=THINHDUILIB.SchLib
Change Component Library : Designator=R7 Old Library=ThinhNguyenLib.SchLib New Library=THINHDUILIB.SchLib
Added Component: Designator=S1(SW 4PIN)
Added Component: Designator=S2(SW 4PIN)
Added Component: Designator=S3(SW 4PIN)
Added Pin To Net: NetName=+3.3V Pin=C1-1
Added Pin To Net: NetName=GND Pin=C2-1
Added Pin To Net: NetName=+3.3V Pin=C2-2
Added Pin To Net: NetName=+3.3V Pin=C3-2
Added Pin To Net: NetName=+5V Pin=C4-2
Added Pin To Net: NetName=GND Pin=C5-1
Added Pin To Net: NetName=+3.3V Pin=C5-2
Added Pin To Net: NetName=+3.3V Pin=C6-2
Added Pin To Net: NetName=OSC_IN Pin=C8-2
Added Pin To Net: NetName=OSC_OUT Pin=C9-2
Added Pin To Net: NetName=SW1 Pin=C10-1
Added Pin To Net: NetName=SW3 Pin=C11-1
Added Pin To Net: NetName=GND Pin=C11-2
Added Pin To Net: NetName=NRST Pin=C12-1
Added Pin To Net: NetName=GND Pin=C12-2
Added Pin To Net: NetName=+3.3V Pin=P1-1
Added Pin To Net: NetName=+3.3V Pin=P1-2
Added Pin To Net: NetName=+5V Pin=P1-3
Added Pin To Net: NetName=+5V Pin=P1-4
Added Pin To Net: NetName=+5V Pin=P2-1
Added Pin To Net: NetName=+5V Pin=P2-2
Added Pin To Net: NetName=+3.3V Pin=P2-3
Added Pin To Net: NetName=+3.3V Pin=P2-4
Added Pin To Net: NetName=JTMS Pin=P2-7
Added Pin To Net: NetName=SWIM Pin=P2-8
Added Pin To Net: NetName=JTCK Pin=P2-9
Added Pin To Net: NetName=RST Pin=P2-10
Added Pin To Net: NetName=NetB1_1 Pin=R1-2
Added Pin To Net: NetName=NetD1_1 Pin=R2-1
Added Pin To Net: NetName=+3.3V Pin=R2-2
Added Pin To Net: NetName=SCL1 Pin=R3-1
Added Pin To Net: NetName=+5V Pin=R3-2
Added Pin To Net: NetName=SDA1 Pin=R4-1
Added Pin To Net: NetName=+5V Pin=R4-2
Added Pin To Net: NetName=+3.3V Pin=R5-1
Added Pin To Net: NetName=SW1 Pin=R5-2
Added Pin To Net: NetName=+3.3V Pin=R6-1
Added Pin To Net: NetName=SW3 Pin=R6-2
Added Pin To Net: NetName=+3.3V Pin=R7-1
Added Pin To Net: NetName=NRST Pin=R7-2
Added Pin To Net: NetName=GND Pin=S1-1
Added Pin To Net: NetName=GND Pin=S1-1
Added Pin To Net: NetName=SW1 Pin=S1-2
Added Pin To Net: NetName=SW1 Pin=S1-2
Added Pin To Net: NetName=GND Pin=S2-1
Added Pin To Net: NetName=GND Pin=S2-1
Added Pin To Net: NetName=SW3 Pin=S2-2
Added Pin To Net: NetName=SW3 Pin=S2-2
Added Pin To Net: NetName=GND Pin=S3-1
Added Pin To Net: NetName=GND Pin=S3-1
Added Pin To Net: NetName=NRST Pin=S3-2
Added Pin To Net: NetName=NRST Pin=S3-2
Added Pin To Net: NetName=GND Pin=U1-1
Added Pin To Net: NetName=+3.3V Pin=U1-2
Added Pin To Net: NetName=+5V Pin=U1-3
Added Pin To Net: NetName=+3.3V Pin=U1-4
Added Pin To Net: NetName=+3.3V Pin=U2-1
Added Pin To Net: NetName=DC Pin=U2-2
Added Pin To Net: NetName=DIN Pin=U2-3
Added Pin To Net: NetName=CLK Pin=U2-4
Added Pin To Net: NetName=OSC_IN Pin=U2-5
Added Pin To Net: NetName=OSC_OUT Pin=U2-6
Added Pin To Net: NetName=NRST Pin=U2-7
Added Pin To Net: NetName=GND Pin=U2-8
Added Pin To Net: NetName=+3.3V Pin=U2-9
Added Pin To Net: NetName=BUZZER Pin=U2-14
Added Pin To Net: NetName=EN Pin=U2-15
Added Pin To Net: NetName=SW1 Pin=U2-16
Added Pin To Net: NetName=RST2 Pin=U2-18
Added Pin To Net: NetName=CE Pin=U2-19
Added Pin To Net: NetName=GND Pin=U2-23
Added Pin To Net: NetName=+3.3V Pin=U2-24
Added Pin To Net: NetName=SW3 Pin=U2-29
Added Pin To Net: NetName=JTMS Pin=U2-34
Added Pin To Net: NetName=GND Pin=U2-35
Added Pin To Net: NetName=+3.3V Pin=U2-36
Added Pin To Net: NetName=JTCK Pin=U2-37
Added Pin To Net: NetName=JTDI Pin=U2-38
Added Pin To Net: NetName=SCL1 Pin=U2-42
Added Pin To Net: NetName=SDA1 Pin=U2-43
Added Pin To Net: NetName=GND Pin=U2-44
Added Pin To Net: NetName=GND Pin=U2-47
Added Pin To Net: NetName=+3.3V Pin=U2-48
Added Pin To Net: NetName=NetU3_1 Pin=Y1-1
Added Pin To Net: NetName=NetU3_2 Pin=Y1-2
Added Pin To Net: NetName=OSC_OUT Pin=Y2-1
Added Pin To Net: NetName=OSC_IN Pin=Y2-2
Change Class Name : Old Net Name=KIT_STM32_Version3 New Net Name=DS1307
Added Member To Class: ClassName=DS1307 Member=Component P1 Header 3X2
Added Member To Class: ClassName=DS1307 Member=Component R5 10k
Added Member To Class: ClassName=DS1307 Member=Component S1 
Added Member To Class: ClassName=DS1307 Member=Component S2 
Added Member To Class: ClassName=DS1307 Member=Component S3 
Added Member To Class: ClassName=DS1307 Member=Component U1 AMS1117
Added Room: Name=DS1307
